<?xml version="1.0" encoding="UTF-8"?>
<testng-results skipped="0" failed="0" ignored="0" total="1" passed="1">
  <reporter-output>
  </reporter-output>
  <suite name="UI Automation Test" duration-ms="12007" started-at="2020-09-01T21:16:45 ICT" finished-at="2020-09-01T21:16:57 ICT">
    <groups>
      <group name="cucumber">
        <method signature="AbstractTestNGCucumberTests.runScenario(io.cucumber.testng.PickleWrapper, io.cucumber.testng.FeatureWrapper)[pri:0, instance:com.sample.dl.bdd.cucumber.UI.runner.UIRunner@5c5a1b69]" name="runScenario" class="io.cucumber.testng.AbstractTestNGCucumberTests"/>
      </group> <!-- cucumber -->
    </groups>
    <test name="UI Cucumber Test" duration-ms="12007" started-at="2020-09-01T21:16:45 ICT" finished-at="2020-09-01T21:16:57 ICT">
      <class name="com.sample.dl.bdd.cucumber.UI.runner.UIRunner">
        <test-method status="PASS" signature="beforeSuite()[pri:0, instance:com.sample.dl.bdd.cucumber.UI.runner.UIRunner@5c5a1b69]" name="beforeSuite" is-config="true" duration-ms="492" started-at="2020-09-01T21:16:45 ICT" finished-at="2020-09-01T21:16:45 ICT">
          <reporter-output>
          </reporter-output>
        </test-method> <!-- beforeSuite -->
        <test-method status="PASS" signature="setUpClass()[pri:0, instance:com.sample.dl.bdd.cucumber.UI.runner.UIRunner@5c5a1b69]" name="setUpClass" is-config="true" duration-ms="221" started-at="2020-09-01T21:16:45 ICT" finished-at="2020-09-01T21:16:45 ICT">
          <reporter-output>
          </reporter-output>
        </test-method> <!-- setUpClass -->
        <test-method status="PASS" signature="runScenario(io.cucumber.testng.PickleWrapper, io.cucumber.testng.FeatureWrapper)[pri:0, instance:com.sample.dl.bdd.cucumber.UI.runner.UIRunner@5c5a1b69]" name="runScenario" duration-ms="11584" started-at="2020-09-01T21:16:45 ICT" description="Runs Cucumber Scenarios" data-provider="scenarios" finished-at="2020-09-01T21:16:57 ICT">
          <params>
            <param index="0">
              <value>
                <![CDATA["I can get empty responses"]]>
              </value>
            </param>
            <param index="1">
              <value>
                <![CDATA["Web App"]]>
              </value>
            </param>
          </params>
          <reporter-output>
          </reporter-output>
        </test-method> <!-- runScenario -->
        <test-method status="PASS" signature="tearDownClass()[pri:0, instance:com.sample.dl.bdd.cucumber.UI.runner.UIRunner@5c5a1b69]" name="tearDownClass" is-config="true" duration-ms="175" started-at="2020-09-01T21:16:57 ICT" finished-at="2020-09-01T21:16:57 ICT">
          <reporter-output>
          </reporter-output>
        </test-method> <!-- tearDownClass -->
        <test-method status="PASS" signature="AfterSuite()[pri:0, instance:com.sample.dl.bdd.cucumber.UI.runner.UIRunner@5c5a1b69]" name="AfterSuite" is-config="true" duration-ms="1" started-at="2020-09-01T21:16:57 ICT" finished-at="2020-09-01T21:16:57 ICT">
          <reporter-output>
          </reporter-output>
        </test-method> <!-- AfterSuite -->
      </class> <!-- com.sample.dl.bdd.cucumber.UI.runner.UIRunner -->
    </test> <!-- UI Cucumber Test -->
  </suite> <!-- UI Automation Test -->
</testng-results>
