<?xml version="1.0" encoding="UTF-8"?>
<testng-results skipped="0" failed="0" ignored="0" total="1" passed="1">
  <reporter-output>
  </reporter-output>
  <suite name="UI Automation Test" duration-ms="8528" started-at="2020-09-02T19:19:15Z" finished-at="2020-09-02T19:19:23Z">
    <groups>
      <group name="cucumber">
        <method signature="AbstractTestNGCucumberTests.runScenario(io.cucumber.testng.PickleEventWrapper, io.cucumber.testng.CucumberFeatureWrapper)[pri:0, instance:com.sample.dl.bdd.cucumber.UI.runner.UIRunner@724af044]" name="runScenario" class="io.cucumber.testng.AbstractTestNGCucumberTests"/>
      </group> <!-- cucumber -->
    </groups>
    <test name="UI Cucumber Test" duration-ms="8528" started-at="2020-09-02T19:19:15Z" finished-at="2020-09-02T19:19:23Z">
      <class name="com.sample.dl.bdd.cucumber.UI.runner.UIRunner">
        <test-method status="PASS" signature="beforeSuite()[pri:0, instance:com.sample.dl.bdd.cucumber.UI.runner.UIRunner@724af044]" name="beforeSuite" is-config="true" duration-ms="462" started-at="2020-09-02T19:19:14Z" finished-at="2020-09-02T19:19:15Z">
          <reporter-output>
          </reporter-output>
        </test-method> <!-- beforeSuite -->
        <test-method status="PASS" signature="setUpClass()[pri:0, instance:com.sample.dl.bdd.cucumber.UI.runner.UIRunner@724af044]" name="setUpClass" is-config="true" duration-ms="92" started-at="2020-09-02T19:19:15Z" finished-at="2020-09-02T19:19:15Z">
          <reporter-output>
          </reporter-output>
        </test-method> <!-- setUpClass -->
        <test-method status="PASS" signature="runScenario(io.cucumber.testng.PickleEventWrapper, io.cucumber.testng.CucumberFeatureWrapper)[pri:0, instance:com.sample.dl.bdd.cucumber.UI.runner.UIRunner@724af044]" name="runScenario" duration-ms="8318" started-at="2020-09-02T19:19:15Z" description="Runs Cucumber Scenarios" data-provider="scenarios" finished-at="2020-09-02T19:19:23Z">
          <params>
            <param index="0">
              <value>
                <![CDATA["I can get empty responses"]]>
              </value>
            </param>
            <param index="1">
              <value>
                <![CDATA["Web App"]]>
              </value>
            </param>
          </params>
          <reporter-output>
          </reporter-output>
        </test-method> <!-- runScenario -->
        <test-method status="PASS" signature="tearDownClass()[pri:0, instance:com.sample.dl.bdd.cucumber.UI.runner.UIRunner@724af044]" name="tearDownClass" is-config="true" duration-ms="55" started-at="2020-09-02T19:19:23Z" finished-at="2020-09-02T19:19:23Z">
          <reporter-output>
          </reporter-output>
        </test-method> <!-- tearDownClass -->
        <test-method status="PASS" signature="AfterSuite()[pri:0, instance:com.sample.dl.bdd.cucumber.UI.runner.UIRunner@724af044]" name="AfterSuite" is-config="true" duration-ms="1" started-at="2020-09-02T19:19:23Z" finished-at="2020-09-02T19:19:23Z">
          <reporter-output>
          </reporter-output>
        </test-method> <!-- AfterSuite -->
      </class> <!-- com.sample.dl.bdd.cucumber.UI.runner.UIRunner -->
    </test> <!-- UI Cucumber Test -->
  </suite> <!-- UI Automation Test -->
</testng-results>
